<?xml version="1.0" encoding="UTF-8"?>
<testng-results ignored="0" total="2" passed="2" failed="0" skipped="0">
  <reporter-output>
  </reporter-output>
  <suite started-at="2021-07-19T22:00:50Z" name="Surefire suite" finished-at="2021-07-19T22:00:50Z" duration-ms="94">
    <groups>
    </groups>
    <test started-at="2021-07-19T22:00:50Z" name="Surefire test" finished-at="2021-07-19T22:00:50Z" duration-ms="94">
      <class name="com.piotrek.training.jenkins.JenkinsCalcTest">
        <test-method signature="subtractTest()" started-at="2021-07-19T22:00:50Z" name="subtractTest" finished-at="2021-07-19T22:00:50Z" duration-ms="15" status="PASS">
          <reporter-output>
          </reporter-output>
        </test-method> <!-- subtractTest -->
        <test-method signature="addTest()" started-at="2021-07-19T22:00:50Z" name="addTest" finished-at="2021-07-19T22:00:50Z" duration-ms="15" status="PASS">
          <reporter-output>
          </reporter-output>
        </test-method> <!-- addTest -->
      </class> <!-- com.piotrek.training.jenkins.JenkinsCalcTest -->
    </test> <!-- Surefire test -->
  </suite> <!-- Surefire suite -->
</testng-results>
