<?xml version="1.0" encoding="UTF-8"?>
<testng-results ignored="0" total="1" passed="1" failed="0" skipped="0">
  <reporter-output>
  </reporter-output>
  <suite started-at="2021-07-19T22:00:45Z" name="Surefire suite" finished-at="2021-07-19T22:00:50Z" duration-ms="4747">
    <groups>
    </groups>
    <test started-at="2021-07-19T22:00:45Z" name="Surefire test" finished-at="2021-07-19T22:00:50Z" duration-ms="4747">
      <class name="com.piotrek.training.testng.SampleSeleniumTest">
        <test-method is-config="true" signature="startBrowser()[pri:0, instance:com.piotrek.training.testng.SampleSeleniumTest@53ac845a]" started-at="2021-07-19T22:00:45Z" name="startBrowser" finished-at="2021-07-19T22:00:48Z" duration-ms="2246" status="PASS">
          <reporter-output>
          </reporter-output>
        </test-method> <!-- startBrowser -->
        <test-method signature="validateGoogleId()[pri:0, instance:com.piotrek.training.testng.SampleSeleniumTest@53ac845a]" started-at="2021-07-19T22:00:48Z" name="validateGoogleId" finished-at="2021-07-19T22:00:49Z" duration-ms="1273" status="PASS">
          <reporter-output>
          </reporter-output>
        </test-method> <!-- validateGoogleId -->
        <test-method is-config="true" signature="closeBrowser()[pri:0, instance:com.piotrek.training.testng.SampleSeleniumTest@53ac845a]" started-at="2021-07-19T22:00:49Z" name="closeBrowser" finished-at="2021-07-19T22:00:50Z" duration-ms="1188" status="PASS">
          <reporter-output>
          </reporter-output>
        </test-method> <!-- closeBrowser -->
      </class> <!-- com.piotrek.training.testng.SampleSeleniumTest -->
    </test> <!-- Surefire test -->
  </suite> <!-- Surefire suite -->
</testng-results>
