<?xml version="1.0" encoding="UTF-8"?>
<testsuite name="TestSuite" time="1.276" tests="3" errors="0" skipped="0" failures="0">
  <properties>
[...]
</properties>
  <testcase name="validateGoogleId" classname="com.piotrek.training.testng.SampleSeleniumTest" time="1.273"/>
  <testcase name="addTest on addTest(com.piotrek.training.jenkins.JenkinsCalcTest)" classname="com.piotrek.training.jenkins.JenkinsCalcTest" time="0.003"/>
  <testcase name="subtractTest on subtractTest(com.piotrek.training.jenkins.JenkinsCalcTest)" classname="com.piotrek.training.jenkins.JenkinsCalcTest" time="0"/>
</testsuite>