<?xml version="1.0" encoding="UTF-8"?>
<!-- Generated by org.testng.reporters.JUnitXMLReporter -->
<testsuite ignored="0" hostname="MASARNIA" failures="0" tests="2" name="Surefire test" time="0.094" errors="0" timestamp="19 Jul 2021 22:00:50 GMT">
  <testcase classname="com.piotrek.training.jenkins.JenkinsCalcTest" name="addTest on addTest(com.piotrek.training.jenkins.JenkinsCalcTest)" time="0.015"/>
  <testcase classname="com.piotrek.training.jenkins.JenkinsCalcTest" name="subtractTest on subtractTest(com.piotrek.training.jenkins.JenkinsCalcTest)" time="0.015"/>
</testsuite> <!-- Surefire test -->
